<?xml version="1.0" encoding="UTF-8"?>
<!-- Generated by org.testng.reporters.JUnitReportReporter -->
<testsuite hostname="admin-PC" failures="0" tests="4" name="A1_Keyword.A5_Enabled" time="0.018" errors="0" timestamp="02 Apr 2022 19:58:56 GMT" skipped="1">
  <testcase classname="A1_Keyword.A5_Enabled" name="add" time="0.013"/>
  <testcase classname="A1_Keyword.A5_Enabled" name="mul" time="0.003"/>
  <testcase classname="A1_Keyword.A5_Enabled" name="div" time="0.002"/>
  <testcase classname="A1_Keyword.A5_Enabled" name="sub">
    <skipped/>
  </testcase> <!-- sub -->
</testsuite> <!-- A1_Keyword.A5_Enabled -->
