<?xml version="1.0" encoding="UTF-8"?>
<!-- Generated by org.testng.reporters.JUnitReportReporter -->
<testsuite hostname="admin-PC" failures="0" tests="4" name="A1_Keyword.A3_InClassLevel" time="0.022" errors="0" timestamp="02 Apr 2022 19:32:37 GMT" skipped="0">
  <testcase classname="A1_Keyword.A3_InClassLevel" name="sub" time="0.002"/>
  <testcase classname="A1_Keyword.A3_InClassLevel" name="mul" time="0.002"/>
  <testcase classname="A1_Keyword.A3_InClassLevel" name="add" time="0.016"/>
  <testcase classname="A1_Keyword.A3_InClassLevel" name="div" time="0.002"/>
</testsuite> <!-- A1_Keyword.A3_InClassLevel -->
