<?xml version="1.0" encoding="UTF-8"?>
<!-- Generated by org.testng.reporters.JUnitReportReporter -->
<testsuite hostname="admin-PC" failures="0" tests="4" name="A2_Annotation.A12_BeforeClassAndAfterClass" time="0.013" errors="0" timestamp="14 Mar 2022 07:58:40 GMT" skipped="0">
  <testcase classname="A2_Annotation.A12_BeforeClassAndAfterClass" name="search" time="0.002"/>
  <testcase classname="A2_Annotation.A12_BeforeClassAndAfterClass" name="cancel" time="0.002"/>
  <testcase classname="A2_Annotation.A12_BeforeClassAndAfterClass" name="login" time="0.007"/>
  <testcase classname="A2_Annotation.A12_BeforeClassAndAfterClass" name="book" time="0.002"/>
</testsuite> <!-- A2_Annotation.A12_BeforeClassAndAfterClass -->
