<?xml version="1.0" encoding="UTF-8"?>
<!-- Generated by org.testng.reporters.JUnitReportReporter -->
<testsuite hostname="admin-PC" failures="0" tests="7" name="A1_Keyword.A4_Priority2" time="0.022" errors="0" timestamp="02 Apr 2022 19:51:33 GMT" skipped="0">
  <testcase classname="A1_Keyword.A4_Priority2" name="mul" time="0.013"/>
  <testcase classname="A1_Keyword.A4_Priority2" name="checkNetwork" time="0.002"/>
  <testcase classname="A1_Keyword.A4_Priority2" name="browser" time="0.002"/>
  <testcase classname="A1_Keyword.A4_Priority2" name="b_add" time="0.001"/>
  <testcase classname="A1_Keyword.A4_Priority2" name="a_sub" time="0.001"/>
  <testcase classname="A1_Keyword.A4_Priority2" name="sub" time="0.001"/>
  <testcase classname="A1_Keyword.A4_Priority2" name="div" time="0.002"/>
</testsuite> <!-- A1_Keyword.A4_Priority2 -->
