<?xml version="1.0" encoding="UTF-8"?>
<!-- Generated by org.testng.reporters.JUnitReportReporter -->
<testsuite hostname="admin-PC" failures="0" tests="6" name="A7_Parameterization.A23_MultiMethodSingleDataProvider" time="0.023" errors="0" timestamp="04 Apr 2022 18:23:00 GMT" skipped="0">
  <testcase classname="A7_Parameterization.A23_MultiMethodSingleDataProvider" name="login" time="0.002"/>
  <testcase classname="A7_Parameterization.A23_MultiMethodSingleDataProvider" name="login" time="0.014"/>
  <testcase classname="A7_Parameterization.A23_MultiMethodSingleDataProvider" name="login" time="0.001"/>
  <testcase classname="A7_Parameterization.A23_MultiMethodSingleDataProvider" name="booking" time="0.002"/>
  <testcase classname="A7_Parameterization.A23_MultiMethodSingleDataProvider" name="booking" time="0.002"/>
  <testcase classname="A7_Parameterization.A23_MultiMethodSingleDataProvider" name="booking" time="0.002"/>
</testsuite> <!-- A7_Parameterization.A23_MultiMethodSingleDataProvider -->
