<?xml version="1.0" encoding="UTF-8"?>
<!-- Generated by org.testng.reporters.JUnitReportReporter -->
<testsuite hostname="admin-PC" failures="0" tests="4" name="A1_Keyword.A2_Priority" time="0.020" errors="0" timestamp="02 Apr 2022 19:58:12 GMT" skipped="0">
  <testcase classname="A1_Keyword.A2_Priority" name="sub" time="0.012"/>
  <testcase classname="A1_Keyword.A2_Priority" name="add" time="0.002"/>
  <testcase classname="A1_Keyword.A2_Priority" name="mul" time="0.003"/>
  <testcase classname="A1_Keyword.A2_Priority" name="div" time="0.003"/>
</testsuite> <!-- A1_Keyword.A2_Priority -->
