<?xml version="1.0" encoding="UTF-8"?>
<!-- Generated by org.testng.reporters.JUnitReportReporter -->
<testsuite hostname="admin-PC" failures="0" tests="4" name="A7_Parameterization.A22_MultiMethodMultiData" time="0.015" errors="0" timestamp="04 Apr 2022 17:25:58 GMT" skipped="0">
  <testcase classname="A7_Parameterization.A22_MultiMethodMultiData" name="login" time="0.011"/>
  <testcase classname="A7_Parameterization.A22_MultiMethodMultiData" name="login" time="0.001"/>
  <testcase classname="A7_Parameterization.A22_MultiMethodMultiData" name="booking" time="0.001"/>
  <testcase classname="A7_Parameterization.A22_MultiMethodMultiData" name="booking" time="0.002"/>
</testsuite> <!-- A7_Parameterization.A22_MultiMethodMultiData -->
