<?xml version="1.0" encoding="UTF-8"?>
<!-- Generated by org.testng.reporters.JUnitReportReporter -->
<testsuite hostname="admin-PC" failures="0" tests="4" name="A1_Keyword.A2_Priority" time="0.031" errors="0" timestamp="21 Feb 2022 16:43:02 GMT" skipped="0">
  <testcase classname="A1_Keyword.A2_Priority" name="add" time="0.015"/>
  <testcase classname="A1_Keyword.A2_Priority" name="sub" time="0.000"/>
  <testcase classname="A1_Keyword.A2_Priority" name="mul" time="0.000"/>
  <testcase classname="A1_Keyword.A2_Priority" name="div" time="0.016"/>
</testsuite> <!-- A1_Keyword.A2_Priority -->
