<?xml version="1.0" encoding="UTF-8"?>
<!-- Generated by org.testng.reporters.JUnitReportReporter -->
<testsuite hostname="admin-PC" failures="0" tests="4" name="A2_Annotation.A11_BeforeMethod" time="0.023" errors="0" timestamp="03 Apr 2022 07:09:22 GMT" skipped="0">
  <testcase classname="A2_Annotation.A11_BeforeMethod" name="login" time="0.005"/>
  <testcase classname="A2_Annotation.A11_BeforeMethod" name="book" time="0.014"/>
  <testcase classname="A2_Annotation.A11_BeforeMethod" name="search" time="0.003"/>
  <testcase classname="A2_Annotation.A11_BeforeMethod" name="cancel" time="0.001"/>
</testsuite> <!-- A2_Annotation.A11_BeforeMethod -->
