<?xml version="1.0" encoding="UTF-8"?>
<!-- Generated by org.testng.reporters.JUnitReportReporter -->
<testsuite hostname="admin-PC" failures="0" tests="3" name="A7_Parameterization.A21_SingleMethodSingleDataProvider" time="0.025" errors="0" timestamp="14 Mar 2022 07:59:15 GMT" skipped="0">
  <testcase classname="A7_Parameterization.A21_SingleMethodSingleDataProvider" name="login" time="0.005"/>
  <testcase classname="A7_Parameterization.A21_SingleMethodSingleDataProvider" name="login" time="0.006"/>
  <testcase classname="A7_Parameterization.A21_SingleMethodSingleDataProvider" name="login" time="0.014"/>
</testsuite> <!-- A7_Parameterization.A21_SingleMethodSingleDataProvider -->
