<?xml version="1.0" encoding="UTF-8"?>
<!-- Generated by org.testng.reporters.JUnitReportReporter -->
<testsuite hostname="admin-PC" failures="0" tests="4" name="A2_Annotation.A12_BeforeClassAndAfterClass" time="0.016" errors="0" timestamp="03 Apr 2022 07:28:08 GMT" skipped="0">
  <testcase classname="A2_Annotation.A12_BeforeClassAndAfterClass" name="login" time="0.008"/>
  <testcase classname="A2_Annotation.A12_BeforeClassAndAfterClass" name="book" time="0.003"/>
  <testcase classname="A2_Annotation.A12_BeforeClassAndAfterClass" name="search" time="0.003"/>
  <testcase classname="A2_Annotation.A12_BeforeClassAndAfterClass" name="cancel" time="0.002"/>
</testsuite> <!-- A2_Annotation.A12_BeforeClassAndAfterClass -->
