<?xml version="1.0" encoding="UTF-8"?>
<!-- Generated by org.testng.reporters.JUnitReportReporter -->
<testsuite hostname="admin-PC" failures="0" tests="4" name="A2_Annotation.A11_BeforeMethod" time="0.033" errors="0" timestamp="14 Mar 2022 07:58:23 GMT" skipped="0">
  <testcase classname="A2_Annotation.A11_BeforeMethod" name="login" time="0.009"/>
  <testcase classname="A2_Annotation.A11_BeforeMethod" name="book" time="0.019"/>
  <testcase classname="A2_Annotation.A11_BeforeMethod" name="search" time="0.004"/>
  <testcase classname="A2_Annotation.A11_BeforeMethod" name="cancel" time="0.001"/>
</testsuite> <!-- A2_Annotation.A11_BeforeMethod -->
