<?xml version="1.0" encoding="UTF-8"?>
<!-- Generated by org.testng.reporters.JUnitReportReporter -->
<testsuite hostname="admin-PC" failures="0" tests="4" name="A2_Annotation.A12_BeforeClassAndAfterClass" time="0.031" errors="0" timestamp="21 Feb 2022 16:26:38 GMT" skipped="0">
  <testcase classname="A2_Annotation.A12_BeforeClassAndAfterClass" name="book" time="0.015"/>
  <testcase classname="A2_Annotation.A12_BeforeClassAndAfterClass" name="cancel" time="0.000"/>
  <testcase classname="A2_Annotation.A12_BeforeClassAndAfterClass" name="login" time="0.016"/>
  <testcase classname="A2_Annotation.A12_BeforeClassAndAfterClass" name="search" time="0.000"/>
</testsuite> <!-- A2_Annotation.A12_BeforeClassAndAfterClass -->
