<?xml version="1.0" encoding="UTF-8"?>
<!-- Generated by org.testng.reporters.JUnitReportReporter -->
<testsuite hostname="admin-PC" failures="0" tests="4" name="A1_Keyword.A1_Sample" time="0.040" errors="0" timestamp="02 Apr 2022 19:18:45 GMT" skipped="0">
  <testcase classname="A1_Keyword.A1_Sample" name="sub" time="0.001"/>
  <testcase classname="A1_Keyword.A1_Sample" name="add" time="0.037"/>
  <testcase classname="A1_Keyword.A1_Sample" name="div" time="0.001"/>
  <testcase classname="A1_Keyword.A1_Sample" name="mul" time="0.001"/>
</testsuite> <!-- A1_Keyword.A1_Sample -->
