<?xml version="1.0" encoding="UTF-8"?>
<!-- Generated by org.testng.reporters.JUnitReportReporter -->
<testsuite hostname="admin-PC" failures="0" tests="4" name="A1_Keyword.A9_InvocationTimeOut" time="11.043" errors="2" timestamp="02 Apr 2022 21:00:54 GMT" skipped="0">
  <testcase classname="A1_Keyword.A9_InvocationTimeOut" name="add" time="3.023"/>
  <testcase classname="A1_Keyword.A9_InvocationTimeOut" name="sub" time="4.007">
    <error message="Method A1_Keyword.A9_InvocationTimeOut.sub() didn&#039;t finish within the time-out 4000" type="org.testng.internal.thread.ThreadTimeoutException">
      <![CDATA[org.testng.internal.thread.ThreadTimeoutException: Method A1_Keyword.A9_InvocationTimeOut.sub() didn't finish within the time-out 4000at java.base@11.0.13/jdk.internal.misc.Unsafe.compareAndSetInt(Native Method)at java.base@11.0.13/jdk.internal.misc.Unsafe.weakCompareAndSetInt(Unsafe.java:1411)at java.base@11.0.13/jdk.internal.misc.Unsafe.getAndAddInt(Unsafe.java:2340)at java.base@11.0.13/java.util.concurrent.atomic.AtomicInteger.addAndGet(AtomicInteger.java:239)at java.base@11.0.13/java.util.concurrent.ThreadPoolExecutor.decrementWorkerCount(ThreadPoolExecutor.java:433)at java.base@11.0.13/java.util.concurrent.ThreadPoolExecutor.getTask(ThreadPoolExecutor.java:1035)at java.base@11.0.13/java.util.concurrent.ThreadPoolExecutor.runWorker(ThreadPoolExecutor.java:1114)at java.base@11.0.13/java.util.concurrent.ThreadPoolExecutor$Worker.run(ThreadPoolExecutor.java:628)at java.base@11.0.13/java.lang.Thread.run(Thread.java:834)]]>
    </error>
  </testcase> <!-- sub -->
  <testcase classname="A1_Keyword.A9_InvocationTimeOut" name="mul" time="4.010">
    <error message="Method A1_Keyword.A9_InvocationTimeOut.mul() didn&#039;t finish within the time-out 4000" type="org.testng.internal.thread.ThreadTimeoutException">
      <![CDATA[org.testng.internal.thread.ThreadTimeoutException: Method A1_Keyword.A9_InvocationTimeOut.mul() didn't finish within the time-out 4000at java.base@11.0.13/java.lang.Thread.sleep(Native Method)at app//A1_Keyword.A9_InvocationTimeOut.mul(A9_InvocationTimeOut.java:24)at java.base@11.0.13/jdk.internal.reflect.NativeMethodAccessorImpl.invoke0(Native Method)at java.base@11.0.13/jdk.internal.reflect.NativeMethodAccessorImpl.invoke(NativeMethodAccessorImpl.java:62)at java.base@11.0.13/jdk.internal.reflect.DelegatingMethodAccessorImpl.invoke(DelegatingMethodAccessorImpl.java:43)at java.base@11.0.13/java.lang.reflect.Method.invoke(Method.java:566)at app//org.testng.internal.MethodInvocationHelper.invokeMethod(MethodInvocationHelper.java:124)at app//org.testng.internal.InvokeMethodRunnable.runOne(InvokeMethodRunnable.java:54)at app//org.testng.internal.InvokeMethodRunnable.run(InvokeMethodRunnable.java:40)at java.base@11.0.13/java.util.concurrent.Executors$RunnableAdapter.call(Executors.java:515)at java.base@11.0.13/java.util.concurrent.FutureTask.run(FutureTask.java:264)at java.base@11.0.13/java.util.concurrent.ThreadPoolExecutor.runWorker(ThreadPoolExecutor.java:1128)at java.base@11.0.13/java.util.concurrent.ThreadPoolExecutor$Worker.run(ThreadPoolExecutor.java:628)at java.base@11.0.13/java.lang.Thread.run(Thread.java:834)]]>
    </error>
  </testcase> <!-- mul -->
  <testcase classname="A1_Keyword.A9_InvocationTimeOut" name="div" time="0.003"/>
</testsuite> <!-- A1_Keyword.A9_InvocationTimeOut -->
