<?xml version="1.0" encoding="UTF-8"?>
<!-- Generated by org.testng.reporters.JUnitReportReporter -->
<testsuite hostname="admin-PC" failures="0" tests="3" name="A7_Parameterization.A21_SingleMethodSingleDataProvider" time="0.015" errors="0" timestamp="04 Apr 2022 17:02:24 GMT" skipped="0">
  <testcase classname="A7_Parameterization.A21_SingleMethodSingleDataProvider" name="login" time="0.003"/>
  <testcase classname="A7_Parameterization.A21_SingleMethodSingleDataProvider" name="login" time="0.001"/>
  <testcase classname="A7_Parameterization.A21_SingleMethodSingleDataProvider" name="login" time="0.011"/>
</testsuite> <!-- A7_Parameterization.A21_SingleMethodSingleDataProvider -->
