<?xml version="1.0" encoding="UTF-8"?>
<!-- Generated by org.testng.reporters.JUnitReportReporter -->
<testsuite hostname="admin-PC" failures="0" tests="4" name="A2_Annotation.A13_BeforeTestAndAfterTest" time="0.012" errors="0" timestamp="03 Apr 2022 07:32:53 GMT" skipped="0">
  <testcase classname="A2_Annotation.A13_BeforeTestAndAfterTest" name="book" time="0.002"/>
  <testcase classname="A2_Annotation.A13_BeforeTestAndAfterTest" name="search" time="0.002"/>
  <testcase classname="A2_Annotation.A13_BeforeTestAndAfterTest" name="login" time="0.006"/>
  <testcase classname="A2_Annotation.A13_BeforeTestAndAfterTest" name="cancel" time="0.002"/>
</testsuite> <!-- A2_Annotation.A13_BeforeTestAndAfterTest -->
