<?xml version="1.0" encoding="UTF-8"?>
<!-- Generated by org.testng.reporters.JUnitReportReporter -->
<testsuite hostname="admin-PC" failures="0" tests="3" name="A6_Groups.A20_Group" time="0.015" errors="0" timestamp="04 Apr 2022 15:45:10 GMT" skipped="0">
  <testcase classname="A6_Groups.A20_Group" name="login" time="0.011"/>
  <testcase classname="A6_Groups.A20_Group" name="search" time="0.002"/>
  <testcase classname="A6_Groups.A20_Group" name="booking" time="0.002"/>
</testsuite> <!-- A6_Groups.A20_Group -->
