<?xml version="1.0" encoding="UTF-8"?>
<!-- Generated by org.testng.reporters.JUnitReportReporter -->
<testsuite hostname="admin-PC" failures="0" tests="4" name="A1_Keyword.A1_Sample" time="0.016" errors="0" timestamp="21 Feb 2022 16:45:06 GMT" skipped="0">
  <testcase classname="A1_Keyword.A1_Sample" name="mul" time="0.000"/>
  <testcase classname="A1_Keyword.A1_Sample" name="div" time="0.000"/>
  <testcase classname="A1_Keyword.A1_Sample" name="add" time="0.016"/>
  <testcase classname="A1_Keyword.A1_Sample" name="sub" time="0.000"/>
</testsuite> <!-- A1_Keyword.A1_Sample -->
