<?xml version="1.0" encoding="UTF-8"?>
<!-- Generated by org.testng.reporters.JUnitReportReporter -->
<testsuite hostname="admin-PC" failures="0" tests="4" name="A1_Keyword.A6_Description" time="0.013" errors="0" timestamp="21 Feb 2022 10:28:27 GMT" skipped="1">
  <testcase classname="A1_Keyword.A6_Description" name="add" time="0.011"/>
  <testcase classname="A1_Keyword.A6_Description" name="mul" time="0.001"/>
  <testcase classname="A1_Keyword.A6_Description" name="div" time="0.001"/>
  <testcase classname="A1_Keyword.A6_Description" name="sub">
    <skipped/>
  </testcase> <!-- sub -->
</testsuite> <!-- A1_Keyword.A6_Description -->
