<?xml version="1.0" encoding="UTF-8"?>
<!-- Generated by org.testng.reporters.JUnitReportReporter -->
<testsuite hostname="admin-PC" failures="0" tests="4" name="A1_Keyword.A5_Enabled" time="0.017" errors="0" timestamp="21 Feb 2022 10:27:04 GMT" skipped="1">
  <testcase classname="A1_Keyword.A5_Enabled" name="add" time="0.010"/>
  <testcase classname="A1_Keyword.A5_Enabled" name="mul" time="0.006"/>
  <testcase classname="A1_Keyword.A5_Enabled" name="div" time="0.001"/>
  <testcase classname="A1_Keyword.A5_Enabled" name="sub">
    <skipped/>
  </testcase> <!-- sub -->
</testsuite> <!-- A1_Keyword.A5_Enabled -->
