<?xml version="1.0" encoding="UTF-8"?>
<!-- Generated by org.testng.reporters.JUnitReportReporter -->
<testsuite hostname="admin-PC" failures="0" tests="4" name="A1_Keyword.A9_InvocationTimeOut" time="4.031" errors="1" timestamp="21 Feb 2022 10:50:29 GMT" skipped="0">
  <testcase classname="A1_Keyword.A9_InvocationTimeOut" name="add" time="4.020">
    <error message="Method A1_Keyword.A9_InvocationTimeOut.add() didn&#039;t finish within the time-out 4000" type="org.testng.internal.thread.ThreadTimeoutException">
      <![CDATA[org.testng.internal.thread.ThreadTimeoutException: Method A1_Keyword.A9_InvocationTimeOut.add() didn't finish within the time-out 4000at java.base@11.0.13/java.lang.Thread.sleep(Native Method)at app//A1_Keyword.A9_InvocationTimeOut.add(A9_InvocationTimeOut.java:10)at java.base@11.0.13/jdk.internal.reflect.NativeMethodAccessorImpl.invoke0(Native Method)at java.base@11.0.13/jdk.internal.reflect.NativeMethodAccessorImpl.invoke(NativeMethodAccessorImpl.java:62)at java.base@11.0.13/jdk.internal.reflect.DelegatingMethodAccessorImpl.invoke(DelegatingMethodAccessorImpl.java:43)at java.base@11.0.13/java.lang.reflect.Method.invoke(Method.java:566)at app//org.testng.internal.MethodInvocationHelper.invokeMethod(MethodInvocationHelper.java:124)at app//org.testng.internal.InvokeMethodRunnable.runOne(InvokeMethodRunnable.java:54)at app//org.testng.internal.InvokeMethodRunnable.run(InvokeMethodRunnable.java:40)at java.base@11.0.13/java.util.concurrent.Executors$RunnableAdapter.call(Executors.java:515)at java.base@11.0.13/java.util.concurrent.FutureTask.run(FutureTask.java:264)at java.base@11.0.13/java.util.concurrent.ThreadPoolExecutor.runWorker(ThreadPoolExecutor.java:1128)at java.base@11.0.13/java.util.concurrent.ThreadPoolExecutor$Worker.run(ThreadPoolExecutor.java:628)at java.base@11.0.13/java.lang.Thread.run(Thread.java:834)]]>
    </error>
  </testcase> <!-- add -->
  <testcase classname="A1_Keyword.A9_InvocationTimeOut" name="sub" time="0.007"/>
  <testcase classname="A1_Keyword.A9_InvocationTimeOut" name="mul" time="0.002"/>
  <testcase classname="A1_Keyword.A9_InvocationTimeOut" name="div" time="0.002"/>
</testsuite> <!-- A1_Keyword.A9_InvocationTimeOut -->
