<?xml version="1.0" encoding="UTF-8"?>
<!-- Generated by org.testng.reporters.JUnitReportReporter -->
<testsuite hostname="admin-PC" failures="0" tests="1" name="A5_Parameter.A19_Parameter" time="0.015" errors="0" timestamp="04 Mar 2022 18:19:53 GMT" skipped="0">
  <testcase classname="A5_Parameter.A19_Parameter" name="login" time="0.015"/>
</testsuite> <!-- A5_Parameter.A19_Parameter -->
