<?xml version="1.0" encoding="UTF-8"?>
<!-- Generated by org.testng.reporters.JUnitReportReporter -->
<testsuite hostname="admin-PC" failures="0" tests="6" name="A7_Parameterization.A23_MultiMethodSingleDataProvider" time="0.065" errors="0" timestamp="04 Mar 2022 17:34:25 GMT" skipped="0">
  <testcase classname="A7_Parameterization.A23_MultiMethodSingleDataProvider" name="login" time="0.057"/>
  <testcase classname="A7_Parameterization.A23_MultiMethodSingleDataProvider" name="login" time="0.002"/>
  <testcase classname="A7_Parameterization.A23_MultiMethodSingleDataProvider" name="login" time="0.003"/>
  <testcase classname="A7_Parameterization.A23_MultiMethodSingleDataProvider" name="booking" time="0.001"/>
  <testcase classname="A7_Parameterization.A23_MultiMethodSingleDataProvider" name="booking" time="0.001"/>
  <testcase classname="A7_Parameterization.A23_MultiMethodSingleDataProvider" name="booking" time="0.001"/>
</testsuite> <!-- A7_Parameterization.A23_MultiMethodSingleDataProvider -->
