<?xml version="1.0" encoding="UTF-8"?>
<!-- Generated by org.testng.reporters.JUnitReportReporter -->
<testsuite hostname="admin-PC" failures="0" tests="7" name="A1_Keyword.A4_Priority2" time="0.025" errors="0" timestamp="21 Feb 2022 09:32:55 GMT" skipped="0">
  <testcase classname="A1_Keyword.A4_Priority2" name="checkNetwork" time="0.017"/>
  <testcase classname="A1_Keyword.A4_Priority2" name="browser" time="0.002"/>
  <testcase classname="A1_Keyword.A4_Priority2" name="a_sub1" time="0.002"/>
  <testcase classname="A1_Keyword.A4_Priority2" name="b_add" time="0.001"/>
  <testcase classname="A1_Keyword.A4_Priority2" name="sub" time="0.001"/>
  <testcase classname="A1_Keyword.A4_Priority2" name="mul" time="0.001"/>
  <testcase classname="A1_Keyword.A4_Priority2" name="div" time="0.001"/>
</testsuite> <!-- A1_Keyword.A4_Priority2 -->
