<?xml version="1.0" encoding="UTF-8"?>
<!-- Generated by org.testng.reporters.JUnitReportReporter -->
<testsuite hostname="admin-PC" failures="0" tests="4" name="A2_Annotation.A11_BeforeMethod" time="0.047" errors="0" timestamp="21 Feb 2022 16:02:02 GMT" skipped="0">
  <testcase classname="A2_Annotation.A11_BeforeMethod" name="cancel" time="0.016"/>
  <testcase classname="A2_Annotation.A11_BeforeMethod" name="book" time="0.000"/>
  <testcase classname="A2_Annotation.A11_BeforeMethod" name="login" time="0.015"/>
  <testcase classname="A2_Annotation.A11_BeforeMethod" name="search" time="0.016"/>
</testsuite> <!-- A2_Annotation.A11_BeforeMethod -->
