<?xml version="1.0" encoding="UTF-8"?>
<!-- Generated by org.testng.reporters.JUnitReportReporter -->
<testsuite hostname="admin-PC" failures="0" tests="8" name="A1_Keyword.A8_InvocationCount" time="0.027" errors="0" timestamp="21 Feb 2022 10:39:52 GMT" skipped="0">
  <testcase classname="A1_Keyword.A8_InvocationCount" name="login" time="0.002"/>
  <testcase classname="A1_Keyword.A8_InvocationCount" name="cancel" time="0.002"/>
  <testcase classname="A1_Keyword.A8_InvocationCount" name="search" time="0.002"/>
  <testcase classname="A1_Keyword.A8_InvocationCount" name="book" time="0.002"/>
  <testcase classname="A1_Keyword.A8_InvocationCount" name="login" time="0.003"/>
  <testcase classname="A1_Keyword.A8_InvocationCount" name="login" time="0.002"/>
  <testcase classname="A1_Keyword.A8_InvocationCount" name="login" time="0.012"/>
  <testcase classname="A1_Keyword.A8_InvocationCount" name="login" time="0.002"/>
</testsuite> <!-- A1_Keyword.A8_InvocationCount -->
