<?xml version="1.0" encoding="UTF-8"?>
<!-- Generated by org.testng.reporters.JUnitReportReporter -->
<testsuite hostname="admin-PC" failures="0" tests="2" name="tests.LoginTest" time="64.175" errors="0" timestamp="13 Mar 2022 05:53:07 GMT" skipped="0">
  <testcase classname="tests.LoginTest" name="loginTest" time="48.641"/>
  <testcase classname="tests.LoginTest" name="loginTest" time="15.534"/>
</testsuite> <!-- tests.LoginTest -->
