<?xml version="1.0" encoding="UTF-8"?>
<!-- Generated by org.testng.reporters.JUnitReportReporter -->
<testsuite hostname="admin-PC" failures="0" tests="1" name="testcases.LoginTest" time="39.659" errors="0" timestamp="13 Mar 2022 05:30:13 GMT" skipped="0">
  <testcase classname="testcases.LoginTest" name="loginTest" time="39.659"/>
</testsuite> <!-- testcases.LoginTest -->
